{"/Users/sarmay/Desktop/character-shaper/index.js":{"path":"/Users/sarmay/Desktop/character-shaper/index.js","s":{"1":1,"2":0,"3":1},"b":{"1":[0,1]},"f":{},"fnMap":{},"statementMap":{"1":{"start":{"line":1,"column":0},"end":{"line":5,"column":1}},"2":{"start":{"line":2,"column":2},"end":{"line":2,"column":49}},"3":{"start":{"line":4,"column":2},"end":{"line":4,"column":45}}},"branchMap":{"1":{"line":1,"type":"if","locations":[{"start":{"line":1,"column":0},"end":{"line":1,"column":0}},{"start":{"line":1,"column":0},"end":{"line":1,"column":0}}]}}},"/Users/sarmay/Desktop/character-shaper/dist/index.js":{"path":"/Users/sarmay/Desktop/character-shaper/dist/index.js","s":{"1":1,"2":1,"3":1,"4":0,"5":0,"6":0,"7":0,"8":0,"9":1,"10":1,"11":1,"12":1,"13":1,"14":1,"15":1,"16":1,"17":0,"18":1,"19":1,"20":1,"21":1,"22":1,"23":1,"24":1,"25":1,"26":1,"27":1,"28":2,"29":1,"30":1,"31":1,"32":1,"33":1,"34":1,"35":1,"36":1,"37":1,"38":1,"39":1,"40":1,"41":1,"42":584,"43":1,"44":182,"45":2,"46":180,"47":8,"48":7,"49":1,"50":172,"51":1,"52":174,"53":30,"54":144,"55":22,"56":11,"57":11,"58":122,"59":64,"60":38,"61":26,"62":58,"63":31,"64":27,"65":27,"66":1,"67":2,"68":0,"69":2,"70":2,"71":2,"72":2,"73":2,"74":2,"75":2,"76":2,"77":183,"78":183,"79":1,"80":1,"81":1,"82":1,"83":182,"84":182,"85":8,"86":8,"87":0,"88":8,"89":8,"90":8,"91":174,"92":174,"93":174,"94":174,"95":2,"96":5,"97":2,"98":2,"99":3,"100":3,"101":3,"102":2,"103":1,"104":1},"b":{"1":[1,0],"2":[1,1],"3":[0,0],"4":[0,0],"5":[0,0],"6":[0,1],"7":[1,0],"8":[1,1],"9":[1,0],"10":[1,1],"11":[2,180],"12":[182,182],"13":[8,172],"14":[180,15],"15":[7,1],"16":[30,144],"17":[174,174],"18":[22,122],"19":[144,143],"20":[11,11],"21":[22,22],"22":[64,58],"23":[38,26],"24":[64,38,19],"25":[31,27],"26":[58,31,8],"27":[27,0],"28":[0,2],"29":[181,2],"30":[1,182],"31":[8,174],"32":[0,8],"33":[30,144],"34":[174,136],"35":[3,0],"36":[1,2]},"f":{"1":1,"2":1,"3":1,"4":2},"fnMap":{"1":{"name":"webpackUniversalModuleDefinition","line":1,"loc":{"start":{"line":1,"column":1},"end":{"line":1,"column":58}}},"2":{"name":"(anonymous_2)","line":10,"loc":{"start":{"line":10,"column":9},"end":{"line":10,"column":20}}},"3":{"name":"__webpack_require__","line":61,"loc":{"start":{"line":61,"column":10},"end":{"line":61,"column":49}}},"4":{"name":"shaper","line":163,"loc":{"start":{"line":163,"column":0},"end":{"line":163,"column":25}}}},"statementMap":{"1":{"start":{"line":1,"column":0},"end":{"line":208,"column":3}},"2":{"start":{"line":2,"column":1},"end":{"line":9,"column":44}},"3":{"start":{"line":3,"column":2},"end":{"line":3,"column":29}},"4":{"start":{"line":4,"column":6},"end":{"line":9,"column":44}},"5":{"start":{"line":5,"column":2},"end":{"line":5,"column":22}},"6":{"start":{"line":6,"column":6},"end":{"line":9,"column":44}},"7":{"start":{"line":7,"column":2},"end":{"line":7,"column":47}},"8":{"start":{"line":9,"column":2},"end":{"line":9,"column":44}},"9":{"start":{"line":11,"column":0},"end":{"line":207,"column":1}},"10":{"start":{"line":12,"column":10},"end":{"line":55,"column":13}},"11":{"start":{"line":17,"column":0},"end":{"line":48,"column":1}},"12":{"start":{"line":49,"column":0},"end":{"line":51,"column":1}},"13":{"start":{"line":58,"column":10},"end":{"line":58,"column":44}},"14":{"start":{"line":61,"column":10},"end":{"line":79,"column":11}},"15":{"start":{"line":63,"column":11},"end":{"line":63,"column":65}},"16":{"start":{"line":64,"column":11},"end":{"line":66,"column":12}},"17":{"start":{"line":65,"column":12},"end":{"line":65,"column":40}},"18":{"start":{"line":68,"column":11},"end":{"line":72,"column":13}},"19":{"start":{"line":75,"column":11},"end":{"line":75,"column":86}},"20":{"start":{"line":78,"column":11},"end":{"line":78,"column":33}},"21":{"start":{"line":83,"column":10},"end":{"line":92,"column":15}},"22":{"start":{"line":85,"column":11},"end":{"line":91,"column":13}},"23":{"start":{"line":86,"column":12},"end":{"line":90,"column":13}},"24":{"start":{"line":87,"column":13},"end":{"line":89,"column":14}},"25":{"start":{"line":88,"column":14},"end":{"line":88,"column":94}},"26":{"start":{"line":95,"column":10},"end":{"line":97,"column":15}},"27":{"start":{"line":96,"column":11},"end":{"line":96,"column":99}},"28":{"start":{"line":96,"column":51},"end":{"line":96,"column":98}},"29":{"start":{"line":100,"column":10},"end":{"line":108,"column":15}},"30":{"start":{"line":102,"column":11},"end":{"line":107,"column":13}},"31":{"start":{"line":103,"column":12},"end":{"line":105,"column":13}},"32":{"start":{"line":104,"column":13},"end":{"line":104,"column":85}},"33":{"start":{"line":106,"column":12},"end":{"line":106,"column":74}},"34":{"start":{"line":111,"column":0},"end":{"line":111,"column":29}},"35":{"start":{"line":113,"column":0},"end":{"line":202,"column":5}},"36":{"start":{"line":114,"column":0},"end":{"line":114,"column":13}},"37":{"start":{"line":115,"column":0},"end":{"line":115,"column":43}},"38":{"start":{"line":116,"column":21},"end":{"line":118,"column":24}},"39":{"start":{"line":117,"column":55},"end":{"line":117,"column":61}},"40":{"start":{"line":119,"column":0},"end":{"line":119,"column":40}},"41":{"start":{"line":121,"column":0},"end":{"line":123,"column":1}},"42":{"start":{"line":122,"column":2},"end":{"line":122,"column":55}},"43":{"start":{"line":125,"column":0},"end":{"line":135,"column":1}},"44":{"start":{"line":126,"column":2},"end":{"line":126,"column":34}},"45":{"start":{"line":126,"column":25},"end":{"line":126,"column":34}},"46":{"start":{"line":127,"column":2},"end":{"line":133,"column":3}},"47":{"start":{"line":128,"column":4},"end":{"line":132,"column":5}},"48":{"start":{"line":129,"column":6},"end":{"line":129,"column":14}},"49":{"start":{"line":131,"column":6},"end":{"line":131,"column":14}},"50":{"start":{"line":134,"column":2},"end":{"line":134,"column":11}},"51":{"start":{"line":137,"column":0},"end":{"line":161,"column":1}},"52":{"start":{"line":138,"column":2},"end":{"line":140,"column":3}},"53":{"start":{"line":139,"column":4},"end":{"line":139,"column":12}},"54":{"start":{"line":141,"column":2},"end":{"line":147,"column":3}},"55":{"start":{"line":142,"column":4},"end":{"line":146,"column":5}},"56":{"start":{"line":143,"column":6},"end":{"line":143,"column":14}},"57":{"start":{"line":145,"column":6},"end":{"line":145,"column":14}},"58":{"start":{"line":148,"column":2},"end":{"line":160,"column":3}},"59":{"start":{"line":149,"column":4},"end":{"line":153,"column":5}},"60":{"start":{"line":150,"column":6},"end":{"line":150,"column":14}},"61":{"start":{"line":152,"column":6},"end":{"line":152,"column":14}},"62":{"start":{"line":155,"column":4},"end":{"line":159,"column":5}},"63":{"start":{"line":156,"column":6},"end":{"line":156,"column":14}},"64":{"start":{"line":157,"column":11},"end":{"line":159,"column":5}},"65":{"start":{"line":158,"column":6},"end":{"line":158,"column":14}},"66":{"start":{"line":163,"column":0},"end":{"line":200,"column":1}},"67":{"start":{"line":164,"column":2},"end":{"line":164,"column":47}},"68":{"start":{"line":164,"column":34},"end":{"line":164,"column":47}},"69":{"start":{"line":165,"column":2},"end":{"line":165,"column":15}},"70":{"start":{"line":166,"column":2},"end":{"line":166,"column":30}},"71":{"start":{"line":167,"column":2},"end":{"line":167,"column":35}},"72":{"start":{"line":168,"column":2},"end":{"line":168,"column":20}},"73":{"start":{"line":169,"column":2},"end":{"line":169,"column":17}},"74":{"start":{"line":170,"column":2},"end":{"line":170,"column":22}},"75":{"start":{"line":171,"column":2},"end":{"line":171,"column":45}},"76":{"start":{"line":172,"column":2},"end":{"line":190,"column":3}},"77":{"start":{"line":173,"column":4},"end":{"line":173,"column":71}},"78":{"start":{"line":174,"column":4},"end":{"line":174,"column":92}},"79":{"start":{"line":174,"column":29},"end":{"line":174,"column":48}},"80":{"start":{"line":174,"column":49},"end":{"line":174,"column":64}},"81":{"start":{"line":174,"column":65},"end":{"line":174,"column":81}},"82":{"start":{"line":174,"column":82},"end":{"line":174,"column":91}},"83":{"start":{"line":175,"column":4},"end":{"line":175,"column":68}},"84":{"start":{"line":176,"column":4},"end":{"line":185,"column":5}},"85":{"start":{"line":177,"column":6},"end":{"line":177,"column":46}},"86":{"start":{"line":178,"column":6},"end":{"line":184,"column":7}},"87":{"start":{"line":179,"column":8},"end":{"line":179,"column":13}},"88":{"start":{"line":181,"column":8},"end":{"line":181,"column":22}},"89":{"start":{"line":182,"column":8},"end":{"line":182,"column":37}},"90":{"start":{"line":183,"column":8},"end":{"line":183,"column":16}},"91":{"start":{"line":186,"column":4},"end":{"line":186,"column":52}},"92":{"start":{"line":187,"column":4},"end":{"line":187,"column":63}},"93":{"start":{"line":188,"column":4},"end":{"line":188,"column":55}},"94":{"start":{"line":189,"column":4},"end":{"line":189,"column":18}},"95":{"start":{"line":191,"column":2},"end":{"line":191,"column":60}},"96":{"start":{"line":191,"column":51},"end":{"line":191,"column":59}},"97":{"start":{"line":192,"column":2},"end":{"line":192,"column":23}},"98":{"start":{"line":193,"column":2},"end":{"line":198,"column":4}},"99":{"start":{"line":194,"column":4},"end":{"line":197,"column":5}},"100":{"start":{"line":195,"column":6},"end":{"line":195,"column":56}},"101":{"start":{"line":196,"column":6},"end":{"line":196,"column":62}},"102":{"start":{"line":199,"column":2},"end":{"line":199,"column":21}},"103":{"start":{"line":204,"column":0},"end":{"line":204,"column":50}},"104":{"start":{"line":205,"column":10},"end":{"line":205,"column":37}}},"branchMap":{"1":{"line":2,"type":"if","locations":[{"start":{"line":2,"column":1},"end":{"line":2,"column":1}},{"start":{"line":2,"column":1},"end":{"line":2,"column":1}}]},"2":{"line":2,"type":"binary-expr","locations":[{"start":{"line":2,"column":4},"end":{"line":2,"column":31}},{"start":{"line":2,"column":35},"end":{"line":2,"column":61}}]},"3":{"line":4,"type":"if","locations":[{"start":{"line":4,"column":6},"end":{"line":4,"column":6}},{"start":{"line":4,"column":6},"end":{"line":4,"column":6}}]},"4":{"line":4,"type":"binary-expr","locations":[{"start":{"line":4,"column":9},"end":{"line":4,"column":37}},{"start":{"line":4,"column":41},"end":{"line":4,"column":51}}]},"5":{"line":6,"type":"if","locations":[{"start":{"line":6,"column":6},"end":{"line":6,"column":6}},{"start":{"line":6,"column":6},"end":{"line":6,"column":6}}]},"6":{"line":64,"type":"if","locations":[{"start":{"line":64,"column":11},"end":{"line":64,"column":11}},{"start":{"line":64,"column":11},"end":{"line":64,"column":11}}]},"7":{"line":87,"type":"if","locations":[{"start":{"line":87,"column":13},"end":{"line":87,"column":13}},{"start":{"line":87,"column":13},"end":{"line":87,"column":13}}]},"8":{"line":87,"type":"binary-expr","locations":[{"start":{"line":87,"column":16},"end":{"line":87,"column":54}},{"start":{"line":87,"column":58},"end":{"line":87,"column":94}}]},"9":{"line":103,"type":"if","locations":[{"start":{"line":103,"column":12},"end":{"line":103,"column":12}},{"start":{"line":103,"column":12},"end":{"line":103,"column":12}}]},"10":{"line":103,"type":"binary-expr","locations":[{"start":{"line":103,"column":15},"end":{"line":103,"column":44}},{"start":{"line":103,"column":48},"end":{"line":103,"column":66}}]},"11":{"line":126,"type":"if","locations":[{"start":{"line":126,"column":2},"end":{"line":126,"column":2}},{"start":{"line":126,"column":2},"end":{"line":126,"column":2}}]},"12":{"line":126,"type":"binary-expr","locations":[{"start":{"line":126,"column":6},"end":{"line":126,"column":11}},{"start":{"line":126,"column":15},"end":{"line":126,"column":23}}]},"13":{"line":127,"type":"if","locations":[{"start":{"line":127,"column":2},"end":{"line":127,"column":2}},{"start":{"line":127,"column":2},"end":{"line":127,"column":2}}]},"14":{"line":127,"type":"binary-expr","locations":[{"start":{"line":127,"column":6},"end":{"line":127,"column":23}},{"start":{"line":127,"column":27},"end":{"line":127,"column":47}}]},"15":{"line":128,"type":"if","locations":[{"start":{"line":128,"column":4},"end":{"line":128,"column":4}},{"start":{"line":128,"column":4},"end":{"line":128,"column":4}}]},"16":{"line":138,"type":"if","locations":[{"start":{"line":138,"column":2},"end":{"line":138,"column":2}},{"start":{"line":138,"column":2},"end":{"line":138,"column":2}}]},"17":{"line":138,"type":"binary-expr","locations":[{"start":{"line":138,"column":6},"end":{"line":138,"column":11}},{"start":{"line":138,"column":15},"end":{"line":138,"column":35}}]},"18":{"line":141,"type":"if","locations":[{"start":{"line":141,"column":2},"end":{"line":141,"column":2}},{"start":{"line":141,"column":2},"end":{"line":141,"column":2}}]},"19":{"line":141,"type":"binary-expr","locations":[{"start":{"line":141,"column":6},"end":{"line":141,"column":14}},{"start":{"line":141,"column":18},"end":{"line":141,"column":41}}]},"20":{"line":142,"type":"if","locations":[{"start":{"line":142,"column":4},"end":{"line":142,"column":4}},{"start":{"line":142,"column":4},"end":{"line":142,"column":4}}]},"21":{"line":142,"type":"binary-expr","locations":[{"start":{"line":142,"column":8},"end":{"line":142,"column":32}},{"start":{"line":142,"column":36},"end":{"line":142,"column":44}}]},"22":{"line":148,"type":"if","locations":[{"start":{"line":148,"column":2},"end":{"line":148,"column":2}},{"start":{"line":148,"column":2},"end":{"line":148,"column":2}}]},"23":{"line":149,"type":"if","locations":[{"start":{"line":149,"column":4},"end":{"line":149,"column":4}},{"start":{"line":149,"column":4},"end":{"line":149,"column":4}}]},"24":{"line":149,"type":"binary-expr","locations":[{"start":{"line":149,"column":8},"end":{"line":149,"column":32}},{"start":{"line":149,"column":37},"end":{"line":149,"column":64}},{"start":{"line":149,"column":68},"end":{"line":149,"column":95}}]},"25":{"line":155,"type":"if","locations":[{"start":{"line":155,"column":4},"end":{"line":155,"column":4}},{"start":{"line":155,"column":4},"end":{"line":155,"column":4}}]},"26":{"line":155,"type":"binary-expr","locations":[{"start":{"line":155,"column":8},"end":{"line":155,"column":32}},{"start":{"line":155,"column":38},"end":{"line":155,"column":65}},{"start":{"line":155,"column":69},"end":{"line":155,"column":96}}]},"27":{"line":157,"type":"if","locations":[{"start":{"line":157,"column":11},"end":{"line":157,"column":11}},{"start":{"line":157,"column":11},"end":{"line":157,"column":11}}]},"28":{"line":164,"type":"if","locations":[{"start":{"line":164,"column":2},"end":{"line":164,"column":2}},{"start":{"line":164,"column":2},"end":{"line":164,"column":2}}]},"29":{"line":173,"type":"cond-expr","locations":[{"start":{"line":173,"column":39},"end":{"line":173,"column":59}},{"start":{"line":173,"column":62},"end":{"line":173,"column":71}}]},"30":{"line":174,"type":"if","locations":[{"start":{"line":174,"column":4},"end":{"line":174,"column":4}},{"start":{"line":174,"column":4},"end":{"line":174,"column":4}}]},"31":{"line":176,"type":"if","locations":[{"start":{"line":176,"column":4},"end":{"line":176,"column":4}},{"start":{"line":176,"column":4},"end":{"line":176,"column":4}}]},"32":{"line":178,"type":"if","locations":[{"start":{"line":178,"column":6},"end":{"line":178,"column":6}},{"start":{"line":178,"column":6},"end":{"line":178,"column":6}}]},"33":{"line":187,"type":"cond-expr","locations":[{"start":{"line":187,"column":33},"end":{"line":187,"column":37}},{"start":{"line":187,"column":40},"end":{"line":187,"column":62}}]},"34":{"line":188,"type":"binary-expr","locations":[{"start":{"line":188,"column":18},"end":{"line":188,"column":33}},{"start":{"line":188,"column":37},"end":{"line":188,"column":52}}]},"35":{"line":194,"type":"if","locations":[{"start":{"line":194,"column":4},"end":{"line":194,"column":4}},{"start":{"line":194,"column":4},"end":{"line":194,"column":4}}]},"36":{"line":195,"type":"cond-expr","locations":[{"start":{"line":195,"column":47},"end":{"line":195,"column":51}},{"start":{"line":195,"column":54},"end":{"line":195,"column":56}}]}}}}