TN:
SF:/Users/sarmay/Desktop/character-shaper/index.js
FNF:0
FNH:0
DA:1,1
DA:2,0
DA:4,1
LF:3
LH:2
BRDA:1,1,0,0
BRDA:1,1,1,1
BRF:2
BRH:1
end_of_record
TN:
SF:/Users/sarmay/Desktop/character-shaper/dist/index.js
FN:1,webpackUniversalModuleDefinition
FN:10,(anonymous_2)
FN:61,__webpack_require__
FN:163,shaper
FNF:4
FNH:4
FNDA:1,webpackUniversalModuleDefinition
FNDA:1,(anonymous_2)
FNDA:1,__webpack_require__
FNDA:2,shaper
DA:1,1
DA:2,1
DA:3,1
DA:4,0
DA:5,0
DA:6,0
DA:7,0
DA:9,0
DA:11,1
DA:12,1
DA:17,1
DA:49,1
DA:58,1
DA:61,1
DA:63,1
DA:64,1
DA:65,0
DA:68,1
DA:75,1
DA:78,1
DA:83,1
DA:85,1
DA:86,1
DA:87,1
DA:88,1
DA:95,1
DA:96,2
DA:100,1
DA:102,1
DA:103,1
DA:104,1
DA:106,1
DA:111,1
DA:113,1
DA:114,1
DA:115,1
DA:116,1
DA:117,1
DA:119,1
DA:121,1
DA:122,584
DA:125,1
DA:126,182
DA:127,180
DA:128,8
DA:129,7
DA:131,1
DA:134,172
DA:137,1
DA:138,174
DA:139,30
DA:141,144
DA:142,22
DA:143,11
DA:145,11
DA:148,122
DA:149,64
DA:150,38
DA:152,26
DA:155,58
DA:156,31
DA:157,27
DA:158,27
DA:163,1
DA:164,2
DA:165,2
DA:166,2
DA:167,2
DA:168,2
DA:169,2
DA:170,2
DA:171,2
DA:172,2
DA:173,183
DA:174,183
DA:175,182
DA:176,182
DA:177,8
DA:178,8
DA:179,0
DA:181,8
DA:182,8
DA:183,8
DA:186,174
DA:187,174
DA:188,174
DA:189,174
DA:191,5
DA:192,2
DA:193,2
DA:194,3
DA:195,3
DA:196,3
DA:199,2
DA:204,1
DA:205,1
LF:96
LH:89
BRDA:2,1,0,1
BRDA:2,1,1,0
BRDA:2,2,0,1
BRDA:2,2,1,1
BRDA:4,3,0,0
BRDA:4,3,1,0
BRDA:4,4,0,0
BRDA:4,4,1,0
BRDA:6,5,0,0
BRDA:6,5,1,0
BRDA:64,6,0,0
BRDA:64,6,1,1
BRDA:87,7,0,1
BRDA:87,7,1,0
BRDA:87,8,0,1
BRDA:87,8,1,1
BRDA:103,9,0,1
BRDA:103,9,1,0
BRDA:103,10,0,1
BRDA:103,10,1,1
BRDA:126,11,0,2
BRDA:126,11,1,180
BRDA:126,12,0,182
BRDA:126,12,1,182
BRDA:127,13,0,8
BRDA:127,13,1,172
BRDA:127,14,0,180
BRDA:127,14,1,15
BRDA:128,15,0,7
BRDA:128,15,1,1
BRDA:138,16,0,30
BRDA:138,16,1,144
BRDA:138,17,0,174
BRDA:138,17,1,174
BRDA:141,18,0,22
BRDA:141,18,1,122
BRDA:141,19,0,144
BRDA:141,19,1,143
BRDA:142,20,0,11
BRDA:142,20,1,11
BRDA:142,21,0,22
BRDA:142,21,1,22
BRDA:148,22,0,64
BRDA:148,22,1,58
BRDA:149,23,0,38
BRDA:149,23,1,26
BRDA:149,24,0,64
BRDA:149,24,1,38
BRDA:149,24,2,19
BRDA:155,25,0,31
BRDA:155,25,1,27
BRDA:155,26,0,58
BRDA:155,26,1,31
BRDA:155,26,2,8
BRDA:157,27,0,27
BRDA:157,27,1,0
BRDA:164,28,0,0
BRDA:164,28,1,2
BRDA:173,29,0,181
BRDA:173,29,1,2
BRDA:174,30,0,1
BRDA:174,30,1,182
BRDA:176,31,0,8
BRDA:176,31,1,174
BRDA:178,32,0,0
BRDA:178,32,1,8
BRDA:187,33,0,30
BRDA:187,33,1,144
BRDA:188,34,0,174
BRDA:188,34,1,136
BRDA:194,35,0,3
BRDA:194,35,1,0
BRDA:195,36,0,1
BRDA:195,36,1,2
BRF:74
BRH:60
end_of_record
